INFO - --- Started preprocessor ---
DEBUG - starting new connection: http://localhost:8080/
DEBUG - response '404 Not Found' for http://localhost:8080/plantuml/svg/SoWkIImgAStDKIX9BIxXvN9KqDMjiLDmukLoICrB0OhpSW40
INFO - DirCleaner - Keeping C:\Users\danie\OneDrive\Daniel\School\Saxion\Leerjaar 4a\Process and Safety\Repositories\PS_combined\src\mdbook-plantuml-img\03fe27160e4cb8f371bd75fea4ddccff51b7bdc5.svg
INFO - --- Started preprocessor ---
INFO - DirCleaner - Found existing file C:\Users\danie\OneDrive\Daniel\School\Saxion\Leerjaar 4a\Process and Safety\Repositories\PS_combined\src\mdbook-plantuml-img\03fe27160e4cb8f371bd75fea4ddccff51b7bdc5.svg
INFO - DirCleaner - Keeping C:\Users\danie\OneDrive\Daniel\School\Saxion\Leerjaar 4a\Process and Safety\Repositories\PS_combined\src\mdbook-plantuml-img\03fe27160e4cb8f371bd75fea4ddccff51b7bdc5.svg
INFO - --- Started preprocessor ---
INFO - DirCleaner - Found existing file C:\Users\danie\OneDrive\Daniel\School\Saxion\Leerjaar 4a\Process and Safety\Repositories\PS_combined\src\mdbook-plantuml-img\03fe27160e4cb8f371bd75fea4ddccff51b7bdc5.svg
INFO - DirCleaner - Keeping C:\Users\danie\OneDrive\Daniel\School\Saxion\Leerjaar 4a\Process and Safety\Repositories\PS_combined\src\mdbook-plantuml-img\03fe27160e4cb8f371bd75fea4ddccff51b7bdc5.svg
INFO - --- Started preprocessor ---
INFO - DirCleaner - Found existing file C:\Users\danie\OneDrive\Daniel\School\Saxion\Leerjaar 4a\Process and Safety\Repositories\PS_combined\src\mdbook-plantuml-img\03fe27160e4cb8f371bd75fea4ddccff51b7bdc5.svg
INFO - DirCleaner - Keeping C:\Users\danie\OneDrive\Daniel\School\Saxion\Leerjaar 4a\Process and Safety\Repositories\PS_combined\src\mdbook-plantuml-img\03fe27160e4cb8f371bd75fea4ddccff51b7bdc5.svg
INFO - --- Started preprocessor ---
INFO - DirCleaner - Found existing file C:\Users\danie\OneDrive\Daniel\School\Saxion\Leerjaar 4a\Process and Safety\Repositories\PS_combined\src\mdbook-plantuml-img\03fe27160e4cb8f371bd75fea4ddccff51b7bdc5.svg
INFO - DirCleaner - Keeping C:\Users\danie\OneDrive\Daniel\School\Saxion\Leerjaar 4a\Process and Safety\Repositories\PS_combined\src\mdbook-plantuml-img\03fe27160e4cb8f371bd75fea4ddccff51b7bdc5.svg
INFO - --- Started preprocessor ---
INFO - DirCleaner - Found existing file C:\Users\danie\OneDrive\Daniel\School\Saxion\Leerjaar 4a\Process and Safety\Repositories\PS_combined\src\mdbook-plantuml-img\03fe27160e4cb8f371bd75fea4ddccff51b7bdc5.svg
INFO - DirCleaner - Keeping C:\Users\danie\OneDrive\Daniel\School\Saxion\Leerjaar 4a\Process and Safety\Repositories\PS_combined\src\mdbook-plantuml-img\03fe27160e4cb8f371bd75fea4ddccff51b7bdc5.svg
INFO - --- Started preprocessor ---
INFO - DirCleaner - Found existing file C:\Users\danie\OneDrive\Daniel\School\Saxion\Leerjaar 4a\Process and Safety\Repositories\PS_combined\src\mdbook-plantuml-img\03fe27160e4cb8f371bd75fea4ddccff51b7bdc5.svg
INFO - DirCleaner - Keeping C:\Users\danie\OneDrive\Daniel\School\Saxion\Leerjaar 4a\Process and Safety\Repositories\PS_combined\src\mdbook-plantuml-img\03fe27160e4cb8f371bd75fea4ddccff51b7bdc5.svg
INFO - --- Started preprocessor ---
INFO - DirCleaner - Found existing file C:\Users\danie\OneDrive\Daniel\School\Saxion\Leerjaar 4a\Process and Safety\Repositories\PS_combined\src\mdbook-plantuml-img\03fe27160e4cb8f371bd75fea4ddccff51b7bdc5.svg
INFO - DirCleaner - Keeping C:\Users\danie\OneDrive\Daniel\School\Saxion\Leerjaar 4a\Process and Safety\Repositories\PS_combined\src\mdbook-plantuml-img\03fe27160e4cb8f371bd75fea4ddccff51b7bdc5.svg
INFO - --- Started preprocessor ---
INFO - DirCleaner - Found existing file C:\Users\danie\OneDrive\Daniel\School\Saxion\Leerjaar 4a\Process and Safety\Repositories\PS_combined\src\mdbook-plantuml-img\03fe27160e4cb8f371bd75fea4ddccff51b7bdc5.svg
INFO - DirCleaner - Keeping C:\Users\danie\OneDrive\Daniel\School\Saxion\Leerjaar 4a\Process and Safety\Repositories\PS_combined\src\mdbook-plantuml-img\03fe27160e4cb8f371bd75fea4ddccff51b7bdc5.svg
INFO - --- Started preprocessor ---
INFO - DirCleaner - Found existing file C:\Users\danie\OneDrive\Daniel\School\Saxion\Leerjaar 4a\Process and Safety\Repositories\PS_combined\src\mdbook-plantuml-img\03fe27160e4cb8f371bd75fea4ddccff51b7bdc5.svg
INFO - DirCleaner - Keeping C:\Users\danie\OneDrive\Daniel\School\Saxion\Leerjaar 4a\Process and Safety\Repositories\PS_combined\src\mdbook-plantuml-img\03fe27160e4cb8f371bd75fea4ddccff51b7bdc5.svg
